2023-08-04 12:17:19,405 [Worker-8: Loading available Gradle versions] INFO  o.e.b.c.i.u.g.PublishedGradleVersions - Gradle version information cache is up-to-date. Trying to read.
2023-08-04 13:54:38,414 [Worker-32: Launching mavenrun-62931e44-5a0a-4c35-9a22-ec68400d5908] INFO  o.eclipse.m2e.core.internal.Bundles - getClasspathEntries(Bundle=org.eclipse.m2e.maven.runtime_3.9.100.20230519-1558 [288])
2023-08-04 13:54:38,429 [Worker-32: Launching mavenrun-62931e44-5a0a-4c35-9a22-ec68400d5908] INFO  o.eclipse.m2e.core.internal.Bundles - 	Entry: C:\Users\pedda\.p2\pool\plugins\org.eclipse.m2e.maven.runtime_3.9.100.20230519-1558
2023-08-04 13:54:38,429 [Worker-32: Launching mavenrun-62931e44-5a0a-4c35-9a22-ec68400d5908] INFO  o.eclipse.m2e.core.internal.Bundles - 	Entry: C:\Users\pedda\.p2\pool\plugins\org.eclipse.m2e.maven.runtime_3.9.100.20230519-1558\jars\aether-connector-okhttp-0.17.8.jar
2023-08-04 13:54:38,430 [Worker-32: Launching mavenrun-62931e44-5a0a-4c35-9a22-ec68400d5908] INFO  o.eclipse.m2e.core.internal.Bundles - 	Entry: C:\Users\pedda\.p2\pool\plugins\org.eclipse.m2e.maven.runtime_3.9.100.20230519-1558\jars\aopalliance-1.0.jar
2023-08-04 13:54:38,432 [Worker-32: Launching mavenrun-62931e44-5a0a-4c35-9a22-ec68400d5908] INFO  o.eclipse.m2e.core.internal.Bundles - 	Entry: C:\Users\pedda\.p2\pool\plugins\org.eclipse.m2e.maven.runtime_3.9.100.20230519-1558\jars\commons-lang3-3.8.1.jar
2023-08-04 13:54:38,432 [Worker-32: Launching mavenrun-62931e44-5a0a-4c35-9a22-ec68400d5908] INFO  o.eclipse.m2e.core.internal.Bundles - 	Entry: C:\Users\pedda\.p2\pool\plugins\org.eclipse.m2e.maven.runtime_3.9.100.20230519-1558\jars\failureaccess-1.0.1.jar
2023-08-04 13:54:38,432 [Worker-32: Launching mavenrun-62931e44-5a0a-4c35-9a22-ec68400d5908] INFO  o.eclipse.m2e.core.internal.Bundles - 	Entry: C:\Users\pedda\.p2\pool\plugins\org.eclipse.m2e.maven.runtime_3.9.100.20230519-1558\jars\guava-30.1-jre.jar
2023-08-04 13:54:38,433 [Worker-32: Launching mavenrun-62931e44-5a0a-4c35-9a22-ec68400d5908] INFO  o.eclipse.m2e.core.internal.Bundles - 	Entry: C:\Users\pedda\.p2\pool\plugins\org.eclipse.m2e.maven.runtime_3.9.100.20230519-1558\jars\guice-5.1.0.jar
2023-08-04 13:54:38,433 [Worker-32: Launching mavenrun-62931e44-5a0a-4c35-9a22-ec68400d5908] INFO  o.eclipse.m2e.core.internal.Bundles - 	Entry: C:\Users\pedda\.p2\pool\plugins\org.eclipse.m2e.maven.runtime_3.9.100.20230519-1558\jars\jansi-2.4.0.jar
2023-08-04 13:54:38,434 [Worker-32: Launching mavenrun-62931e44-5a0a-4c35-9a22-ec68400d5908] INFO  o.eclipse.m2e.core.internal.Bundles - 	Entry: C:\Users\pedda\.p2\pool\plugins\org.eclipse.m2e.maven.runtime_3.9.100.20230519-1558\jars\maven-artifact-3.9.1.jar
2023-08-04 13:54:38,434 [Worker-32: Launching mavenrun-62931e44-5a0a-4c35-9a22-ec68400d5908] INFO  o.eclipse.m2e.core.internal.Bundles - 	Entry: C:\Users\pedda\.p2\pool\plugins\org.eclipse.m2e.maven.runtime_3.9.100.20230519-1558\jars\maven-builder-support-3.9.1.jar
2023-08-04 13:54:38,434 [Worker-32: Launching mavenrun-62931e44-5a0a-4c35-9a22-ec68400d5908] INFO  o.eclipse.m2e.core.internal.Bundles - 	Entry: C:\Users\pedda\.p2\pool\plugins\org.eclipse.m2e.maven.runtime_3.9.100.20230519-1558\jars\maven-compat-3.9.1.jar
2023-08-04 13:54:38,435 [Worker-32: Launching mavenrun-62931e44-5a0a-4c35-9a22-ec68400d5908] INFO  o.eclipse.m2e.core.internal.Bundles - 	Entry: C:\Users\pedda\.p2\pool\plugins\org.eclipse.m2e.maven.runtime_3.9.100.20230519-1558\jars\maven-core-3.9.1.jar
2023-08-04 13:54:38,435 [Worker-32: Launching mavenrun-62931e44-5a0a-4c35-9a22-ec68400d5908] INFO  o.eclipse.m2e.core.internal.Bundles - 	Entry: C:\Users\pedda\.p2\pool\plugins\org.eclipse.m2e.maven.runtime_3.9.100.20230519-1558\jars\maven-embedder-3.9.1.jar
2023-08-04 13:54:38,435 [Worker-32: Launching mavenrun-62931e44-5a0a-4c35-9a22-ec68400d5908] INFO  o.eclipse.m2e.core.internal.Bundles - 	Entry: C:\Users\pedda\.p2\pool\plugins\org.eclipse.m2e.maven.runtime_3.9.100.20230519-1558\jars\maven-model-3.9.1.jar
2023-08-04 13:54:38,436 [Worker-32: Launching mavenrun-62931e44-5a0a-4c35-9a22-ec68400d5908] INFO  o.eclipse.m2e.core.internal.Bundles - 	Entry: C:\Users\pedda\.p2\pool\plugins\org.eclipse.m2e.maven.runtime_3.9.100.20230519-1558\jars\maven-model-builder-3.9.1.jar
2023-08-04 13:54:38,437 [Worker-32: Launching mavenrun-62931e44-5a0a-4c35-9a22-ec68400d5908] INFO  o.eclipse.m2e.core.internal.Bundles - 	Entry: C:\Users\pedda\.p2\pool\plugins\org.eclipse.m2e.maven.runtime_3.9.100.20230519-1558\jars\maven-plugin-api-3.9.1.jar
2023-08-04 13:54:38,437 [Worker-32: Launching mavenrun-62931e44-5a0a-4c35-9a22-ec68400d5908] INFO  o.eclipse.m2e.core.internal.Bundles - 	Entry: C:\Users\pedda\.p2\pool\plugins\org.eclipse.m2e.maven.runtime_3.9.100.20230519-1558\jars\maven-repository-metadata-3.9.1.jar
2023-08-04 13:54:38,437 [Worker-32: Launching mavenrun-62931e44-5a0a-4c35-9a22-ec68400d5908] INFO  o.eclipse.m2e.core.internal.Bundles - 	Entry: C:\Users\pedda\.p2\pool\plugins\org.eclipse.m2e.maven.runtime_3.9.100.20230519-1558\jars\maven-resolver-api-1.9.7.jar
2023-08-04 13:54:38,437 [Worker-32: Launching mavenrun-62931e44-5a0a-4c35-9a22-ec68400d5908] INFO  o.eclipse.m2e.core.internal.Bundles - 	Entry: C:\Users\pedda\.p2\pool\plugins\org.eclipse.m2e.maven.runtime_3.9.100.20230519-1558\jars\maven-resolver-connector-basic-1.9.7.jar
2023-08-04 13:54:38,438 [Worker-32: Launching mavenrun-62931e44-5a0a-4c35-9a22-ec68400d5908] INFO  o.eclipse.m2e.core.internal.Bundles - 	Entry: C:\Users\pedda\.p2\pool\plugins\org.eclipse.m2e.maven.runtime_3.9.100.20230519-1558\jars\maven-resolver-impl-1.9.7.jar
2023-08-04 13:54:38,438 [Worker-32: Launching mavenrun-62931e44-5a0a-4c35-9a22-ec68400d5908] INFO  o.eclipse.m2e.core.internal.Bundles - 	Entry: C:\Users\pedda\.p2\pool\plugins\org.eclipse.m2e.maven.runtime_3.9.100.20230519-1558\jars\maven-resolver-named-locks-1.9.7.jar
2023-08-04 13:54:38,438 [Worker-32: Launching mavenrun-62931e44-5a0a-4c35-9a22-ec68400d5908] INFO  o.eclipse.m2e.core.internal.Bundles - 	Entry: C:\Users\pedda\.p2\pool\plugins\org.eclipse.m2e.maven.runtime_3.9.100.20230519-1558\jars\maven-resolver-provider-3.9.1.jar
2023-08-04 13:54:38,439 [Worker-32: Launching mavenrun-62931e44-5a0a-4c35-9a22-ec68400d5908] INFO  o.eclipse.m2e.core.internal.Bundles - 	Entry: C:\Users\pedda\.p2\pool\plugins\org.eclipse.m2e.maven.runtime_3.9.100.20230519-1558\jars\maven-resolver-spi-1.9.7.jar
2023-08-04 13:54:38,439 [Worker-32: Launching mavenrun-62931e44-5a0a-4c35-9a22-ec68400d5908] INFO  o.eclipse.m2e.core.internal.Bundles - 	Entry: C:\Users\pedda\.p2\pool\plugins\org.eclipse.m2e.maven.runtime_3.9.100.20230519-1558\jars\maven-resolver-transport-wagon-1.9.7.jar
2023-08-04 13:54:38,440 [Worker-32: Launching mavenrun-62931e44-5a0a-4c35-9a22-ec68400d5908] INFO  o.eclipse.m2e.core.internal.Bundles - 	Entry: C:\Users\pedda\.p2\pool\plugins\org.eclipse.m2e.maven.runtime_3.9.100.20230519-1558\jars\maven-resolver-util-1.9.7.jar
2023-08-04 13:54:38,441 [Worker-32: Launching mavenrun-62931e44-5a0a-4c35-9a22-ec68400d5908] INFO  o.eclipse.m2e.core.internal.Bundles - 	Entry: C:\Users\pedda\.p2\pool\plugins\org.eclipse.m2e.maven.runtime_3.9.100.20230519-1558\jars\maven-settings-3.9.1.jar
2023-08-04 13:54:38,441 [Worker-32: Launching mavenrun-62931e44-5a0a-4c35-9a22-ec68400d5908] INFO  o.eclipse.m2e.core.internal.Bundles - 	Entry: C:\Users\pedda\.p2\pool\plugins\org.eclipse.m2e.maven.runtime_3.9.100.20230519-1558\jars\maven-settings-builder-3.9.1.jar
2023-08-04 13:54:38,442 [Worker-32: Launching mavenrun-62931e44-5a0a-4c35-9a22-ec68400d5908] INFO  o.eclipse.m2e.core.internal.Bundles - 	Entry: C:\Users\pedda\.p2\pool\plugins\org.eclipse.m2e.maven.runtime_3.9.100.20230519-1558\jars\maven-shared-utils-3.3.4.jar
2023-08-04 13:54:38,442 [Worker-32: Launching mavenrun-62931e44-5a0a-4c35-9a22-ec68400d5908] INFO  o.eclipse.m2e.core.internal.Bundles - 	Entry: C:\Users\pedda\.p2\pool\plugins\org.eclipse.m2e.maven.runtime_3.9.100.20230519-1558\jars\okhttp-3.14.1.jar
2023-08-04 13:54:38,443 [Worker-32: Launching mavenrun-62931e44-5a0a-4c35-9a22-ec68400d5908] INFO  o.eclipse.m2e.core.internal.Bundles - 	Entry: C:\Users\pedda\.p2\pool\plugins\org.eclipse.m2e.maven.runtime_3.9.100.20230519-1558\jars\okio-1.17.3.jar
2023-08-04 13:54:38,444 [Worker-32: Launching mavenrun-62931e44-5a0a-4c35-9a22-ec68400d5908] INFO  o.eclipse.m2e.core.internal.Bundles - 	Entry: C:\Users\pedda\.p2\pool\plugins\org.eclipse.m2e.maven.runtime_3.9.100.20230519-1558\jars\org.eclipse.sisu.inject-0.3.5.jar
2023-08-04 13:54:38,444 [Worker-32: Launching mavenrun-62931e44-5a0a-4c35-9a22-ec68400d5908] INFO  o.eclipse.m2e.core.internal.Bundles - 	Entry: C:\Users\pedda\.p2\pool\plugins\org.eclipse.m2e.maven.runtime_3.9.100.20230519-1558\jars\org.eclipse.sisu.plexus-0.3.5.jar
2023-08-04 13:54:38,444 [Worker-32: Launching mavenrun-62931e44-5a0a-4c35-9a22-ec68400d5908] INFO  o.eclipse.m2e.core.internal.Bundles - 	Entry: C:\Users\pedda\.p2\pool\plugins\org.eclipse.m2e.maven.runtime_3.9.100.20230519-1558\jars\plexus-build-api-0.0.7.jar
2023-08-04 13:54:38,445 [Worker-32: Launching mavenrun-62931e44-5a0a-4c35-9a22-ec68400d5908] INFO  o.eclipse.m2e.core.internal.Bundles - 	Entry: C:\Users\pedda\.p2\pool\plugins\org.eclipse.m2e.maven.runtime_3.9.100.20230519-1558\jars\plexus-cipher-2.0.jar
2023-08-04 13:54:38,445 [Worker-32: Launching mavenrun-62931e44-5a0a-4c35-9a22-ec68400d5908] INFO  o.eclipse.m2e.core.internal.Bundles - 	Entry: C:\Users\pedda\.p2\pool\plugins\org.eclipse.m2e.maven.runtime_3.9.100.20230519-1558\jars\plexus-classworlds-2.6.0.jar
2023-08-04 13:54:38,446 [Worker-32: Launching mavenrun-62931e44-5a0a-4c35-9a22-ec68400d5908] INFO  o.eclipse.m2e.core.internal.Bundles - 	Entry: C:\Users\pedda\.p2\pool\plugins\org.eclipse.m2e.maven.runtime_3.9.100.20230519-1558\jars\plexus-component-annotations-2.1.0.jar
2023-08-04 13:54:38,446 [Worker-32: Launching mavenrun-62931e44-5a0a-4c35-9a22-ec68400d5908] INFO  o.eclipse.m2e.core.internal.Bundles - 	Entry: C:\Users\pedda\.p2\pool\plugins\org.eclipse.m2e.maven.runtime_3.9.100.20230519-1558\jars\plexus-interpolation-1.26.jar
2023-08-04 13:54:38,446 [Worker-32: Launching mavenrun-62931e44-5a0a-4c35-9a22-ec68400d5908] INFO  o.eclipse.m2e.core.internal.Bundles - 	Entry: C:\Users\pedda\.p2\pool\plugins\org.eclipse.m2e.maven.runtime_3.9.100.20230519-1558\jars\plexus-sec-dispatcher-2.0.jar
2023-08-04 13:54:38,447 [Worker-32: Launching mavenrun-62931e44-5a0a-4c35-9a22-ec68400d5908] INFO  o.eclipse.m2e.core.internal.Bundles - 	Entry: C:\Users\pedda\.p2\pool\plugins\org.eclipse.m2e.maven.runtime_3.9.100.20230519-1558\jars\plexus-utils-3.5.1.jar
2023-08-04 13:54:38,447 [Worker-32: Launching mavenrun-62931e44-5a0a-4c35-9a22-ec68400d5908] INFO  o.eclipse.m2e.core.internal.Bundles - 	Entry: C:\Users\pedda\.p2\pool\plugins\org.eclipse.m2e.maven.runtime_3.9.100.20230519-1558\jars\wagon-file-3.5.3.jar
2023-08-04 13:54:38,447 [Worker-32: Launching mavenrun-62931e44-5a0a-4c35-9a22-ec68400d5908] INFO  o.eclipse.m2e.core.internal.Bundles - 	Entry: C:\Users\pedda\.p2\pool\plugins\org.eclipse.m2e.maven.runtime_3.9.100.20230519-1558\jars\wagon-provider-api-3.5.3.jar
2023-08-04 13:54:38,449 [Worker-32: Launching mavenrun-62931e44-5a0a-4c35-9a22-ec68400d5908] INFO  o.eclipse.m2e.core.internal.Bundles - getClasspathEntries(Bundle=com.google.guava_31.1.0.jre [11])
2023-08-04 13:54:38,451 [Worker-32: Launching mavenrun-62931e44-5a0a-4c35-9a22-ec68400d5908] INFO  o.eclipse.m2e.core.internal.Bundles - 	Entry: C:\Users\pedda\.p2\pool\plugins\com.google.guava_31.1.0.jre.jar
2023-08-04 13:54:38,451 [Worker-32: Launching mavenrun-62931e44-5a0a-4c35-9a22-ec68400d5908] INFO  o.eclipse.m2e.core.internal.Bundles - getClasspathEntries(Bundle=slf4j.api_1.7.36 [516])
2023-08-04 13:54:38,455 [Worker-32: Launching mavenrun-62931e44-5a0a-4c35-9a22-ec68400d5908] INFO  o.eclipse.m2e.core.internal.Bundles - 	Entry: C:\Users\pedda\.p2\pool\plugins\slf4j.api_1.7.36.jar
2023-08-04 13:54:38,455 [Worker-32: Launching mavenrun-62931e44-5a0a-4c35-9a22-ec68400d5908] INFO  o.eclipse.m2e.core.internal.Bundles - getClasspathEntries(Bundle=javax.inject_1.0.0.v20220405-0441 [25])
2023-08-04 13:54:38,461 [Worker-32: Launching mavenrun-62931e44-5a0a-4c35-9a22-ec68400d5908] INFO  o.eclipse.m2e.core.internal.Bundles - 	Entry: C:\Users\pedda\.p2\pool\plugins\javax.inject_1.0.0.v20220405-0441.jar
2023-08-04 13:54:38,461 [Worker-32: Launching mavenrun-62931e44-5a0a-4c35-9a22-ec68400d5908] INFO  o.eclipse.m2e.core.internal.Bundles - getClasspathEntries(Bundle=javax.annotation_1.3.5.v20230504-0748 [23])
2023-08-04 13:54:38,465 [Worker-32: Launching mavenrun-62931e44-5a0a-4c35-9a22-ec68400d5908] INFO  o.eclipse.m2e.core.internal.Bundles - 	Entry: C:\Users\pedda\.p2\pool\plugins\javax.annotation_1.3.5.v20230504-0748.jar
2023-08-04 13:54:38,465 [Worker-32: Launching mavenrun-62931e44-5a0a-4c35-9a22-ec68400d5908] INFO  o.eclipse.m2e.core.internal.Bundles - getClasspathEntries(Bundle=org.apache.commons.cli_1.5.0 [47])
2023-08-04 13:54:38,467 [Worker-32: Launching mavenrun-62931e44-5a0a-4c35-9a22-ec68400d5908] INFO  o.eclipse.m2e.core.internal.Bundles - 	Entry: C:\Users\pedda\.p2\pool\plugins\org.apache.commons.cli_1.5.0.jar
2023-08-04 13:54:38,467 [Worker-32: Launching mavenrun-62931e44-5a0a-4c35-9a22-ec68400d5908] INFO  o.eclipse.m2e.core.internal.Bundles - getClasspathEntries(Bundle=com.google.guava.failureaccess_1.0.1 [12])
2023-08-04 13:54:38,472 [Worker-32: Launching mavenrun-62931e44-5a0a-4c35-9a22-ec68400d5908] INFO  o.eclipse.m2e.core.internal.Bundles - 	Entry: C:\Users\pedda\.p2\pool\plugins\com.google.guava.failureaccess_1.0.1.jar
2023-08-04 13:54:38,484 [Worker-32: Launching mavenrun-62931e44-5a0a-4c35-9a22-ec68400d5908] INFO  o.e.m.i.launch.MavenLaunchDelegate - Run build in "C:\Users\pedda\AppData\Local\Temp\m2e-archetypeGenerator14632910545256366469":
2023-08-04 13:54:38,489 [Worker-32: Launching mavenrun-62931e44-5a0a-4c35-9a22-ec68400d5908] INFO  o.e.m.i.launch.MavenLaunchDelegate -  mvn  -DarchetypeGroupId=org.apache.maven.archetypes -DarchetypeArtifactId=maven-archetype-quickstart -DarchetypeVersion=1.1 -DgroupId=TestFlipkart -DartifactId=TestFlipkart -Dversion=0.0.1-SNAPSHOT -Dpackage=TestFlipkart.TestFlipkart -DoutputDirectory=C:\Users\pedda\OneDrive\Desktop\Capstone_java2_Flipkart -Dstyle.color=always -U archetype:generate
2023-08-04 13:55:04,599 [Worker-38: Creating maven-archetype-quickstart] INFO  o.e.m.c.i.p.ProjectConfigurationManager - Collecting project info '/pom.xml' C:\Users\pedda\OneDrive\Desktop\Capstone_java2_Flipkart\TestFlipkart\pom.xml
2023-08-04 13:55:13,230 [Worker-38: Creating maven-archetype-quickstart] INFO  o.e.m.c.i.l.LifecycleMappingFactory - Using org.eclipse.m2e.jdt.JarLifecycleMapping lifecycle mapping for MavenProject: TestFlipkart:TestFlipkart:0.0.1-SNAPSHOT @ C:\Users\pedda\OneDrive\Desktop\Capstone_java2_Flipkart\TestFlipkart\pom.xml.
2023-08-04 13:55:19,665 [Worker-38: Creating maven-archetype-quickstart] INFO  o.e.m.j.i.AbstractJavaProjectConfigurator - Adding source folder /TestFlipkart/src/main/java
2023-08-04 13:55:19,667 [Worker-38: Creating maven-archetype-quickstart] INFO  o.e.m.j.i.AbstractJavaProjectConfigurator - Adding resource folder /TestFlipkart/src/main/resources
2023-08-04 13:55:19,673 [Worker-38: Creating maven-archetype-quickstart] INFO  o.e.m.j.i.AbstractJavaProjectConfigurator - Adding source folder /TestFlipkart/src/test/java
2023-08-04 13:55:19,673 [Worker-38: Creating maven-archetype-quickstart] INFO  o.e.m.j.i.AbstractJavaProjectConfigurator - Adding resource folder /TestFlipkart/src/test/resources
2023-08-04 13:55:21,017 [Worker-38: Creating maven-archetype-quickstart] INFO  o.e.m.c.i.p.ProjectConfigurationManager - Imported and configured 1 project(s) in 16 sec
2023-08-04 13:55:22,533 [Worker-38: Building] INFO  o.a.m.s.f.DefaultMavenResourcesFiltering - skip non existing resourceDirectory C:\Users\pedda\OneDrive\Desktop\Capstone_java2_Flipkart\TestFlipkart\src\main\resources
2023-08-04 13:55:22,540 [Worker-38: Building] INFO  o.a.m.s.f.DefaultMavenResourcesFiltering - skip non existing resourceDirectory C:\Users\pedda\OneDrive\Desktop\Capstone_java2_Flipkart\TestFlipkart\src\test\resources
2023-08-04 13:55:32,539 [Worker-32: Building] INFO  o.a.m.s.f.DefaultMavenResourcesFiltering - skip non existing resourceDirectory C:\Users\pedda\OneDrive\Desktop\Capstone_java2_Flipkart\TestFlipkart\src\main\resources
2023-08-04 13:55:32,544 [Worker-32: Building] INFO  o.a.m.s.f.DefaultMavenResourcesFiltering - skip non existing resourceDirectory C:\Users\pedda\OneDrive\Desktop\Capstone_java2_Flipkart\TestFlipkart\src\test\resources
2023-08-04 13:55:33,632 [Worker-41: Building] INFO  o.a.m.s.f.DefaultMavenResourcesFiltering - skip non existing resourceDirectory C:\Users\pedda\OneDrive\Desktop\Capstone_java2_Flipkart\TestFlipkart\src\main\resources
2023-08-04 13:55:33,635 [Worker-41: Building] INFO  o.a.m.s.f.DefaultMavenResourcesFiltering - skip non existing resourceDirectory C:\Users\pedda\OneDrive\Desktop\Capstone_java2_Flipkart\TestFlipkart\src\test\resources
2023-08-04 13:55:54,475 [Worker-35: Building] INFO  o.a.m.s.f.DefaultMavenResourcesFiltering - skip non existing resourceDirectory C:\Users\pedda\OneDrive\Desktop\Capstone_java2_Flipkart\TestFlipkart\src\main\resources
2023-08-04 13:55:54,478 [Worker-35: Building] INFO  o.a.m.s.f.DefaultMavenResourcesFiltering - skip non existing resourceDirectory C:\Users\pedda\OneDrive\Desktop\Capstone_java2_Flipkart\TestFlipkart\src\test\resources
2023-08-04 14:02:02,989 [Worker-39: Building] INFO  o.a.m.s.f.DefaultMavenResourcesFiltering - skip non existing resourceDirectory C:\Users\pedda\OneDrive\Desktop\Capstone_java2_Flipkart\TestFlipkart\src\main\resources
2023-08-04 14:02:02,992 [Worker-39: Building] INFO  o.a.m.s.f.DefaultMavenResourcesFiltering - skip non existing resourceDirectory C:\Users\pedda\OneDrive\Desktop\Capstone_java2_Flipkart\TestFlipkart\src\test\resources
2023-08-04 14:03:56,808 [Worker-40: Building] INFO  o.e.m.c.i.l.LifecycleMappingFactory - Using org.eclipse.m2e.jdt.JarLifecycleMapping lifecycle mapping for MavenProject: TestFlipkart:TestFlipkart:0.0.1-SNAPSHOT @ C:\Users\pedda\OneDrive\Desktop\Capstone_java2_Flipkart\TestFlipkart\pom.xml.
2023-08-04 14:03:57,912 [Worker-40: Building] INFO  o.a.m.s.f.DefaultMavenResourcesFiltering - skip non existing resourceDirectory C:\Users\pedda\OneDrive\Desktop\Capstone_java2_Flipkart\TestFlipkart\src\main\resources
2023-08-04 14:03:57,918 [Worker-40: Building] INFO  o.a.m.s.f.DefaultMavenResourcesFiltering - skip non existing resourceDirectory C:\Users\pedda\OneDrive\Desktop\Capstone_java2_Flipkart\TestFlipkart\src\test\resources
2023-08-04 14:05:36,280 [Worker-40: Building] INFO  o.a.m.s.f.DefaultMavenResourcesFiltering - skip non existing resourceDirectory C:\Users\pedda\OneDrive\Desktop\Capstone_java2_Flipkart\TestFlipkart\src\main\resources
2023-08-04 14:05:36,282 [Worker-40: Building] INFO  o.a.m.s.f.DefaultMavenResourcesFiltering - skip non existing resourceDirectory C:\Users\pedda\OneDrive\Desktop\Capstone_java2_Flipkart\TestFlipkart\src\test\resources
2023-08-04 14:06:42,513 [Worker-50: Building] INFO  o.a.m.s.f.DefaultMavenResourcesFiltering - skip non existing resourceDirectory C:\Users\pedda\OneDrive\Desktop\Capstone_java2_Flipkart\TestFlipkart\src\main\resources
2023-08-04 14:06:42,516 [Worker-50: Building] INFO  o.a.m.s.f.DefaultMavenResourcesFiltering - skip non existing resourceDirectory C:\Users\pedda\OneDrive\Desktop\Capstone_java2_Flipkart\TestFlipkart\src\test\resources
2023-08-04 14:09:09,929 [Worker-58: Building] INFO  o.a.m.s.f.DefaultMavenResourcesFiltering - skip non existing resourceDirectory C:\Users\pedda\OneDrive\Desktop\Capstone_java2_Flipkart\TestFlipkart\src\main\resources
2023-08-04 14:09:09,931 [Worker-58: Building] INFO  o.a.m.s.f.DefaultMavenResourcesFiltering - skip non existing resourceDirectory C:\Users\pedda\OneDrive\Desktop\Capstone_java2_Flipkart\TestFlipkart\src\test\resources
2023-08-04 14:36:14,551 [Worker-59: Building] INFO  o.a.m.s.f.DefaultMavenResourcesFiltering - skip non existing resourceDirectory C:\Users\pedda\OneDrive\Desktop\Capstone_java2_Flipkart\TestFlipkart\src\main\resources
2023-08-04 14:36:14,556 [Worker-59: Building] INFO  o.a.m.s.f.DefaultMavenResourcesFiltering - skip non existing resourceDirectory C:\Users\pedda\OneDrive\Desktop\Capstone_java2_Flipkart\TestFlipkart\src\test\resources
2023-08-04 14:37:37,669 [Worker-59: Building] INFO  o.a.m.s.f.DefaultMavenResourcesFiltering - skip non existing resourceDirectory C:\Users\pedda\OneDrive\Desktop\Capstone_java2_Flipkart\TestFlipkart\src\main\resources
2023-08-04 14:37:37,671 [Worker-59: Building] INFO  o.a.m.s.f.DefaultMavenResourcesFiltering - skip non existing resourceDirectory C:\Users\pedda\OneDrive\Desktop\Capstone_java2_Flipkart\TestFlipkart\src\test\resources
2023-08-04 14:56:35,893 [Worker-57: Building] INFO  o.a.m.s.f.DefaultMavenResourcesFiltering - skip non existing resourceDirectory C:\Users\pedda\OneDrive\Desktop\Capstone_java2_Flipkart\TestFlipkart\src\main\resources
2023-08-04 14:56:35,896 [Worker-57: Building] INFO  o.a.m.s.f.DefaultMavenResourcesFiltering - skip non existing resourceDirectory C:\Users\pedda\OneDrive\Desktop\Capstone_java2_Flipkart\TestFlipkart\src\test\resources
2023-08-04 14:57:08,541 [Worker-57: Building] INFO  o.a.m.s.f.DefaultMavenResourcesFiltering - skip non existing resourceDirectory C:\Users\pedda\OneDrive\Desktop\Capstone_java2_Flipkart\TestFlipkart\src\main\resources
2023-08-04 14:57:08,544 [Worker-57: Building] INFO  o.a.m.s.f.DefaultMavenResourcesFiltering - skip non existing resourceDirectory C:\Users\pedda\OneDrive\Desktop\Capstone_java2_Flipkart\TestFlipkart\src\test\resources
2023-08-04 14:57:19,370 [Worker-54: Building] INFO  o.a.m.s.f.DefaultMavenResourcesFiltering - skip non existing resourceDirectory C:\Users\pedda\OneDrive\Desktop\Capstone_java2_Flipkart\TestFlipkart\src\main\resources
2023-08-04 14:57:19,373 [Worker-54: Building] INFO  o.a.m.s.f.DefaultMavenResourcesFiltering - skip non existing resourceDirectory C:\Users\pedda\OneDrive\Desktop\Capstone_java2_Flipkart\TestFlipkart\src\test\resources
2023-08-04 14:57:22,593 [Worker-59: Building] INFO  o.a.m.s.f.DefaultMavenResourcesFiltering - skip non existing resourceDirectory C:\Users\pedda\OneDrive\Desktop\Capstone_java2_Flipkart\TestFlipkart\src\main\resources
2023-08-04 14:57:22,597 [Worker-59: Building] INFO  o.a.m.s.f.DefaultMavenResourcesFiltering - skip non existing resourceDirectory C:\Users\pedda\OneDrive\Desktop\Capstone_java2_Flipkart\TestFlipkart\src\test\resources
2023-08-04 14:59:11,598 [Worker-54: Building] INFO  o.a.m.s.f.DefaultMavenResourcesFiltering - skip non existing resourceDirectory C:\Users\pedda\OneDrive\Desktop\Capstone_java2_Flipkart\TestFlipkart\src\main\resources
2023-08-04 14:59:11,601 [Worker-54: Building] INFO  o.a.m.s.f.DefaultMavenResourcesFiltering - skip non existing resourceDirectory C:\Users\pedda\OneDrive\Desktop\Capstone_java2_Flipkart\TestFlipkart\src\test\resources
2023-08-04 14:59:27,574 [Worker-60: Building Workspace] INFO  o.a.m.s.f.DefaultMavenResourcesFiltering - skip non existing resourceDirectory C:\Users\pedda\OneDrive\Desktop\Capstone_java2_Flipkart\TestFlipkart\src\main\resources
2023-08-04 14:59:27,576 [Worker-60: Building Workspace] INFO  o.a.m.s.f.DefaultMavenResourcesFiltering - skip non existing resourceDirectory C:\Users\pedda\OneDrive\Desktop\Capstone_java2_Flipkart\TestFlipkart\src\test\resources
2023-08-04 15:00:00,810 [Worker-60: Building] INFO  o.a.m.s.f.DefaultMavenResourcesFiltering - skip non existing resourceDirectory C:\Users\pedda\OneDrive\Desktop\Capstone_java2_Flipkart\TestFlipkart\src\main\resources
2023-08-04 15:00:00,811 [Worker-60: Building] INFO  o.a.m.s.f.DefaultMavenResourcesFiltering - skip non existing resourceDirectory C:\Users\pedda\OneDrive\Desktop\Capstone_java2_Flipkart\TestFlipkart\src\test\resources
2023-08-04 15:01:14,339 [Worker-54: Launching TestFlipkart_src.test.java.com.qa.utility.testng.xml] INFO  o.a.m.s.f.DefaultMavenResourcesFiltering - skip non existing resourceDirectory C:\Users\pedda\OneDrive\Desktop\Capstone_java2_Flipkart\TestFlipkart\src\main\resources
2023-08-04 15:01:14,341 [Worker-54: Launching TestFlipkart_src.test.java.com.qa.utility.testng.xml] INFO  o.a.m.s.f.DefaultMavenResourcesFiltering - skip non existing resourceDirectory C:\Users\pedda\OneDrive\Desktop\Capstone_java2_Flipkart\TestFlipkart\src\test\resources
2023-08-04 15:01:53,996 [Worker-60: Launching TestFlipkart_src.test.java.com.qa.utility.testng.xml] INFO  o.a.m.s.f.DefaultMavenResourcesFiltering - skip non existing resourceDirectory C:\Users\pedda\OneDrive\Desktop\Capstone_java2_Flipkart\TestFlipkart\src\main\resources
2023-08-04 15:01:53,998 [Worker-60: Launching TestFlipkart_src.test.java.com.qa.utility.testng.xml] INFO  o.a.m.s.f.DefaultMavenResourcesFiltering - skip non existing resourceDirectory C:\Users\pedda\OneDrive\Desktop\Capstone_java2_Flipkart\TestFlipkart\src\test\resources
2023-08-04 15:02:14,243 [Worker-60: Building] INFO  o.a.m.s.f.DefaultMavenResourcesFiltering - skip non existing resourceDirectory C:\Users\pedda\OneDrive\Desktop\Capstone_java2_Flipkart\TestFlipkart\src\main\resources
2023-08-04 15:02:14,244 [Worker-60: Building] INFO  o.a.m.s.f.DefaultMavenResourcesFiltering - skip non existing resourceDirectory C:\Users\pedda\OneDrive\Desktop\Capstone_java2_Flipkart\TestFlipkart\src\test\resources
